--- Startup times for process: Primary/TUI ---

times in msec
 clock   self+sourced   self:  sourced script
 clock   elapsed:              other lines

000.004  000.004: --- NVIM STARTING ---
000.049  000.045: event init
000.180  000.131: early init
009.957  009.777: locale set
009.999  000.042: init first window
010.469  000.470: inits 1
010.535  000.066: window checked
010.541  000.007: parsing arguments
011.406  000.280  000.280: require('vim.shared')
011.900  000.160  000.160: require('vim.inspect')
012.174  000.261  000.261: require('vim._options')
012.178  000.764  000.344: require('vim._editor')
012.181  001.143  000.099: require('vim._init_packages')
012.191  000.506: init lua interpreter
014.203  002.012: --- NVIM STARTED ---

--- Startup times for process: Embedded ---

times in msec
 clock   self+sourced   self:  sourced script
 clock   elapsed:              other lines

000.006  000.006: --- NVIM STARTING ---
000.049  000.044: event init
000.143  000.093: early init
010.245  010.103: locale set
010.281  000.036: init first window
010.622  000.341: inits 1
010.659  000.037: window checked
010.665  000.006: parsing arguments
011.528  000.274  000.274: require('vim.shared')
012.119  000.162  000.162: require('vim.inspect')
012.393  000.259  000.259: require('vim._options')
012.397  000.862  000.441: require('vim._editor')
012.399  001.232  000.096: require('vim._init_packages')
012.411  000.514: init lua interpreter
012.569  000.158: expanding arguments
012.585  000.016: inits 2
013.034  000.450: init highlight
013.036  000.002: waiting for UI
013.154  000.117: done waiting for UI
013.158  000.005: clear screen
013.444  000.035  000.035: require('vim.keymap')
016.248  003.087  003.052: require('vim._defaults')
016.255  000.010: init default mappings & autocommands
016.829  000.094  000.094: sourcing C:\Program Files\Neovim\share\nvim\runtime\ftplugin.vim
016.986  000.047  000.047: sourcing C:\Program Files\Neovim\share\nvim\runtime\indent.vim
018.374  001.057  001.057: require('vim-options')
018.519  000.139  000.139: require('vim-keybinds')
020.190  001.667  001.667: require('set-mason-git-dirs-safe')
020.337  000.140  000.140: require('lazy')
020.392  000.035  000.035: require('ffi')
020.814  000.208  000.208: require('vim.fs')
021.014  000.193  000.193: require('vim.uri')
021.030  000.634  000.232: require('vim.loader')
021.302  000.224  000.224: require('lazy.stats')
021.591  000.176  000.176: require('lazy.core.util')
021.892  000.295  000.295: require('lazy.core.config')
022.112  000.100  000.100: require('lazy.core.handler')
022.437  000.124  000.124: require('lazy.pkg')
022.443  000.209  000.085: require('lazy.core.meta')
022.448  000.331  000.121: require('lazy.core.plugin')
022.454  000.557  000.127: require('lazy.core.loader')
023.143  000.186  000.186: require('lazy.core.fragments')
028.080  000.136  000.136: require('lazy.core.handler.cmd')
028.212  000.122  000.122: require('lazy.core.handler.event')
028.320  000.102  000.102: require('lazy.core.handler.keys')
028.391  000.066  000.066: require('lazy.core.handler.ft')
029.398  000.438  000.438: sourcing C:\Program Files\Neovim\share/nvim/runtime/filetype.lua
030.536  000.155  000.155: require('rose-pine.config')
030.544  001.017  000.861: require('rose-pine')
032.839  000.110  000.110: require('rose-pine.utilities')
032.957  000.111  000.111: require('rose-pine.palette')
034.134  001.553  001.332: sourcing C:\Users\Andre\AppData\Local\nvim-data\lazy\rose-pine\colors\rose-pine.lua
034.699  000.051  000.051: sourcing C:/Users/Andre/AppData/Local/nvim-data/lazy/nvim-web-devicons/plugin/nvim-web-devicons.vim
035.762  000.984  000.984: require('oil')
035.866  000.097  000.097: require('oil.ringbuf')
035.962  000.091  000.091: require('oil.config')
037.127  001.010  001.010: require('vim.filetype')
037.591  000.167  000.167: require('oil.fs')
037.911  000.121  000.121: require('oil.constants')
037.926  000.329  000.208: require('oil.util')
038.629  000.079  000.079: require('mason-core.path')
038.926  000.154  000.154: require('mason-core.functional')
039.129  000.079  000.079: require('mason-core.functional.data')
039.138  000.181  000.102: require('mason-core.functional.function')
039.324  000.156  000.156: require('mason-core.functional.relation')
039.439  000.107  000.107: require('mason-core.functional.logic')
039.453  000.810  000.212: require('mason-core.platform')
039.545  000.088  000.088: require('mason.settings')
039.550  001.480  000.501: require('mason')
040.087  000.228  000.228: require('mason-core.functional.list')
040.208  000.109  000.109: require('mason-core.functional.string')
040.244  000.504  000.168: require('mason.api.command')
040.366  000.112  000.112: require('mason-registry.sources')
041.572  000.074  000.074: sourcing C:/Users/Andre/AppData/Local/nvim-data/lazy/plenary.nvim/plugin/plenary.vim
042.211  000.453  000.453: require('plenary.bit')
042.297  000.080  000.080: require('plenary.functional')
042.320  001.192  000.586: require('plenary.path')
042.562  000.075  000.075: require('plenary.compat')
042.570  000.170  000.095: require('plenary.job')
042.573  000.251  000.081: require('harpoon.utils')
042.834  000.022  000.022: require('vim.F')
042.869  000.206  000.184: require('plenary.log')
042.927  000.351  000.146: require('harpoon.dev')
043.184  002.655  000.860: require('harpoon')
043.502  000.117  000.117: require('harpoon.mark')
043.810  000.063  000.063: require('plenary.strings')
043.816  000.135  000.071: require('plenary.window.border')
043.901  000.082  000.082: require('plenary.window')
043.961  000.056  000.056: require('plenary.popup.utils')
043.965  000.374  000.101: require('plenary.popup')
043.970  000.462  000.088: require('harpoon.ui')
044.522  000.173  000.173: sourcing C:/Users/Andre/AppData/Local/nvim-data/lazy/undotree/plugin/undotree.vim
046.052  000.299  000.299: require('mason-core.log')
046.138  000.079  000.079: require('mason-lspconfig.settings')
046.144  001.039  000.660: require('mason-lspconfig')
046.306  000.081  000.081: require('mason-lspconfig.notify')
046.312  000.160  000.079: require('mason-lspconfig.lspconfig_hook')
046.941  000.115  000.115: require('vim.lsp.log')
047.392  000.444  000.444: require('vim.lsp.protocol')
047.791  000.201  000.201: require('vim.lsp._snippet_grammar')
047.886  000.089  000.089: require('vim.highlight')
047.902  000.503  000.213: require('vim.lsp.util')
048.053  000.067  000.067: require('vim.lsp.sync')
048.059  000.154  000.087: require('vim.lsp._changetracking')
048.184  000.122  000.122: require('vim.lsp.rpc')
048.238  001.561  000.224: require('vim.lsp')
048.291  001.697  000.136: sourcing C:/Users/Andre/AppData/Local/nvim-data/lazy/nvim-lspconfig/plugin/lspconfig.lua
048.512  002.197  000.500: require('lspconfig.util')
048.796  000.127  000.127: require('mason-core.functional.table')
048.830  000.313  000.186: require('mason-lspconfig.mappings.server')
049.020  000.091  000.091: require('mason-core.EventEmitter')
049.114  000.089  000.089: require('mason-core.optional')
049.331  000.135  000.135: require('mason-core.async')
049.406  000.069  000.069: require('mason-core.async.uv')
049.414  000.296  000.092: require('mason-core.fs')
049.444  000.612  000.136: require('mason-registry')
049.535  000.087  000.087: require('mason-lspconfig.server_config_extensions')
050.196  000.092  000.092: require('lspconfig.async')
050.203  000.664  000.572: require('lspconfig.configs')
050.354  000.148  000.148: require('lspconfig.server_configurations.omnisharp')
050.538  000.095  000.095: require('mason-lspconfig.ensure_installed')
050.752  000.111  000.111: require('mason-core.result')
051.131  000.183  000.183: require('mason-core.process')
053.385  002.248  002.248: require('mason-core.spawn')
053.392  002.555  000.125: require('mason-core.managers.powershell')
053.500  000.105  000.105: require('mason.version')
053.505  002.747  000.087: require('mason-core.fetch')
053.606  000.098  000.098: require('mason-core.providers')
053.980  000.181  000.181: require('mason-core.purl')
053.996  000.306  000.125: require('mason-core.package')
054.641  000.232  000.232: require('mason-core.installer.registry.expr')
054.667  000.479  000.247: require('mason-core.installer.registry.link')
055.633  000.121  000.121: require('mason-core.receipt')
055.652  000.460  000.338: require('mason-core.installer.context')
055.741  000.086  000.086: require('mason-core.async.control')
055.823  000.078  000.078: require('mason-core.installer.linker')
055.829  000.824  000.201: require('mason-core.installer')
055.841  001.024  000.199: require('mason-core.installer.managers.std')
055.844  001.175  000.151: require('mason-core.installer.registry.schemas')
055.914  000.068  000.068: require('mason-core.installer.registry.util')
055.922  001.924  000.202: require('mason-core.installer.registry')
055.926  002.316  000.086: require('mason-registry.sources.util')
055.985  005.436  000.163: require('mason-registry.sources.github')
058.786  000.079  000.079: require('mason-core.functional.number')
058.815  000.224  000.144: require('mason-lspconfig.api.command')
058.913  000.095  000.095: require('lspconfig')
058.992  000.074  000.074: require('lspconfig.server_configurations.clangd')
060.656  000.096  000.096: require('lspconfig.manager')
060.747  000.078  000.078: require('lspconfig.server_configurations.cmake')
061.333  000.086  000.086: require('lspconfig.server_configurations.pylsp')
061.619  000.090  000.090: require('mason-lspconfig.server_configurations.pylsp')
061.792  000.087  000.087: require('lspconfig.server_configurations.zls')
065.615  000.062  000.062: require('luasnip.util.types')
065.623  000.137  000.075: require('luasnip.util.ext_opts')
065.823  000.053  000.053: require('luasnip.util.lazy_table')
065.909  000.081  000.081: require('luasnip.extras.filetype_functions')
065.916  000.220  000.085: require('luasnip.default_config')
065.919  000.293  000.073: require('luasnip.session')
065.923  001.124  000.694: require('luasnip.config')
066.097  000.076  000.076: require('luasnip.util.util')
066.223  000.056  000.056: require('luasnip.nodes.key_indexer')
066.228  000.127  000.071: require('luasnip.nodes.util')
066.361  000.057  000.057: require('luasnip.session.snippet_collection.source')
066.442  000.077  000.077: require('luasnip.util.table')
066.506  000.060  000.060: require('luasnip.util.auto_table')
066.520  000.290  000.096: require('luasnip.session.snippet_collection')
066.725  000.063  000.063: require('luasnip.util.select')
066.783  000.054  000.054: require('luasnip.util.time')
066.968  000.377  000.260: require('luasnip.util._builtin_vars')
066.999  000.476  000.098: require('luasnip.util.environ')
067.107  000.104  000.104: require('luasnip.util.extend_decorator')
067.356  000.151  000.151: require('luasnip.util.path')
067.618  000.152  000.152: require('luasnip.util.log')
067.626  000.265  000.114: require('luasnip.loaders.util')
067.704  000.075  000.075: require('luasnip.loaders.data')
067.813  000.105  000.105: require('luasnip.loaders.fs_watchers')
067.819  000.708  000.111: require('luasnip.loaders')
067.835  001.907  000.126: require('luasnip')
067.855  003.278  000.247: sourcing C:/Users/Andre/AppData/Local/nvim-data/lazy/LuaSnip/plugin/luasnip.lua
068.023  000.040  000.040: sourcing C:/Users/Andre/AppData/Local/nvim-data/lazy/LuaSnip/plugin/luasnip.vim
069.852  000.086  000.086: require('cmp.utils.api')
069.998  000.060  000.060: require('cmp.types.cmp')
070.143  000.072  000.072: require('cmp.utils.misc')
070.186  000.184  000.112: require('cmp.types.lsp')
070.257  000.068  000.068: require('cmp.types.vim')
070.260  000.402  000.090: require('cmp.types')
070.330  000.067  000.067: require('cmp.utils.highlight')
070.453  000.057  000.057: require('cmp.utils.debug')
070.460  000.127  000.070: require('cmp.utils.autocmd')
070.658  000.994  000.311: sourcing C:/Users/Andre/AppData/Local/nvim-data/lazy/nvim-cmp/plugin/cmp.lua
071.069  000.077  000.077: require('cmp.utils.char')
071.076  000.170  000.093: require('cmp.utils.str')
071.278  000.061  000.061: require('cmp.utils.buffer')
071.286  000.143  000.082: require('cmp.utils.keymap')
071.289  000.210  000.068: require('cmp.utils.feedkeys')
071.581  000.094  000.094: require('cmp.config.mapping')
071.663  000.078  000.078: require('cmp.utils.cache')
071.853  000.101  000.101: require('cmp.config.compare')
071.860  000.192  000.091: require('cmp.config.default')
071.879  000.478  000.114: require('cmp.config')
071.894  000.602  000.124: require('cmp.utils.async')
072.048  000.070  000.070: require('cmp.utils.pattern')
072.054  000.158  000.088: require('cmp.context')
072.475  000.195  000.195: require('cmp.utils.snippet')
072.580  000.099  000.099: require('cmp.matcher')
072.592  000.440  000.145: require('cmp.entry')
072.600  000.544  000.104: require('cmp.source')
072.781  000.089  000.089: require('cmp.utils.event')
073.048  000.098  000.098: require('cmp.utils.options')
073.055  000.194  000.097: require('cmp.utils.window')
073.059  000.273  000.079: require('cmp.view.docs_view')
073.205  000.144  000.144: require('cmp.view.custom_entries_view')
073.333  000.124  000.124: require('cmp.view.wildmenu_entries_view')
073.438  000.101  000.101: require('cmp.view.native_entries_view')
073.544  000.103  000.103: require('cmp.view.ghost_text_view')
073.555  000.953  000.118: require('cmp.view')
073.856  003.051  000.415: require('cmp.core')
074.048  000.113  000.113: require('cmp.config.sources')
074.136  000.083  000.083: require('cmp.config.window')
074.200  003.505  000.258: require('cmp')
075.021  000.817  000.817: require('lspkind')
075.248  000.096  000.096: require('luasnip.session.enqueueable_operations')
075.735  000.094  000.094: require('luasnip.util.events')
075.751  000.258  000.164: require('luasnip.nodes.node')
075.916  000.163  000.163: require('luasnip.nodes.insertNode')
076.036  000.114  000.114: require('luasnip.nodes.textNode')
076.130  000.089  000.089: require('luasnip.util.mark')
076.213  000.080  000.080: require('luasnip.util.pattern_tokenizer')
076.351  000.134  000.134: require('luasnip.util.dict')
076.988  000.503  000.503: require('luasnip.util.jsregexp')
077.000  000.644  000.142: require('luasnip.nodes.util.trig_engines')
077.065  001.712  000.229: require('luasnip.nodes.snippet')
077.720  000.281  000.281: require('luasnip.util.parser.neovim_ast')
077.894  000.168  000.168: require('luasnip.util.str')
078.349  000.446  000.446: require('luasnip.util.jsregexp')
078.519  000.165  000.165: require('luasnip.util.directed_graph')
078.544  001.326  000.266: require('luasnip.util.parser.ast_utils')
078.686  000.139  000.139: require('luasnip.nodes.functionNode')
078.790  000.100  000.100: require('luasnip.nodes.choiceNode')
078.882  000.087  000.087: require('luasnip.nodes.dynamicNode')
078.951  000.065  000.065: require('luasnip.util.functions')
078.957  001.889  000.171: require('luasnip.util.parser.ast_parser')
079.046  000.087  000.087: require('luasnip.util.parser.neovim_parser')
079.056  003.803  000.115: require('luasnip.util.parser')
079.139  000.081  000.081: require('luasnip.nodes.snippetProxy')
079.245  000.101  000.101: require('luasnip.util.jsonc')
079.377  000.061  000.061: require('luasnip.nodes.duplicate')
079.381  000.132  000.071: require('luasnip.loaders.snippet_cache')
079.388  004.361  000.149: require('luasnip.loaders.from_vscode')
086.860  000.115  000.115: require('luasnip.nodes.multiSnippet')
089.547  000.102  000.102: sourcing C:/Users/Andre/AppData/Local/nvim-data/lazy/lsp-zero.nvim/plugin/lsp-zero.lua
091.388  000.081  000.081: require('gitsigns.async')
091.473  000.078  000.078: require('gitsigns.debug.log')
091.579  000.102  000.102: require('gitsigns.config')
091.585  001.199  000.938: require('gitsigns')
091.905  000.114  000.114: require('gitsigns.highlight')
092.264  000.090  000.090: require('gitsigns.debounce')
093.477  000.096  000.096: require('lualine_require')
094.275  001.866  001.770: require('lualine')
097.959  000.095  000.095: require('lualine.utils.mode')
108.784  000.099  000.099: require('telescope._extensions')
108.793  001.111  001.011: require('telescope')
108.893  000.096  000.096: require('telescope.themes')
109.164  000.109  000.109: require('telescope.deprecated')
109.411  000.130  000.130: require('telescope.log')
109.705  000.113  000.113: require('telescope.state')
109.755  000.340  000.227: require('telescope.utils')
109.772  000.602  000.133: require('telescope.sorters')
110.900  001.989  001.278: require('telescope.config')
111.776  000.141  000.141: require('telescope._extensions.ui-select')
112.399  000.064  000.064: require('plenary.tbl')
112.406  000.133  000.069: require('plenary.vararg.rotate')
112.409  000.209  000.076: require('plenary.vararg')
112.471  000.059  000.059: require('plenary.errors')
112.476  000.345  000.076: require('plenary.async.async')
112.743  000.067  000.067: require('plenary.async.structs')
112.751  000.140  000.073: require('plenary.async.control')
112.756  000.208  000.068: require('plenary.async.util')
112.802  000.322  000.114: require('plenary.async.tests')
112.806  000.797  000.129: require('plenary.async')
113.311  000.213  000.213: require('telescope.pickers.scroller')
113.447  000.130  000.130: require('telescope.actions.state')
113.565  000.114  000.114: require('telescope.actions.utils')
113.794  000.114  000.114: require('telescope.actions.mt')
113.818  000.249  000.135: require('telescope.actions.set')
114.030  000.108  000.108: require('telescope.config.resolve')
114.037  000.215  000.108: require('telescope.pickers.entry_display')
114.148  000.109  000.109: require('telescope.from_entry')
114.347  001.538  000.508: require('telescope.actions')
114.478  000.127  000.127: require('telescope.debounce')
114.665  000.183  000.183: require('telescope.mappings')
114.790  000.120  000.120: require('telescope.pickers.highlights')
114.932  000.138  000.138: require('telescope.pickers.window')
115.082  000.146  000.146: require('telescope.pickers.layout')
115.912  000.220  000.220: require('telescope.algos.linked_list')
115.922  000.835  000.615: require('telescope.entry_manager')
116.035  000.111  000.111: require('telescope.pickers.multi')
116.052  004.262  000.267: require('telescope.pickers')
116.413  000.229  000.229: require('telescope.make_entry')
116.588  000.163  000.163: require('telescope.finders.async_static_finder')
116.908  000.093  000.093: require('plenary.class')
116.936  000.229  000.136: require('telescope._')
116.945  000.347  000.118: require('telescope.finders.async_oneshot_finder')
117.047  000.093  000.093: require('telescope.finders.async_job_finder')
117.061  000.999  000.167: require('telescope.finders')
117.156  000.080  000.080: require('vim.ui')
117.588  000.265  000.265: sourcing C:/Users/Andre/AppData/Local/nvim-data/lazy/telescope.nvim/plugin/telescope.lua
117.838  000.179  000.179: require('telescope.builtin')
117.923  012.370  003.249: require('telescope')
118.519  000.443  000.443: require('fzf_lib')
118.528  000.601  000.159: require('telescope._extensions.fzf')
121.287  000.171  000.171: require('ibl.utils')
121.299  000.288  000.117: require('ibl.config')
121.651  000.249  000.249: require('ibl.indent')
121.663  000.360  000.112: require('ibl.hooks')
121.667  000.769  000.121: require('ibl.highlights')
121.796  000.126  000.126: require('ibl.autocmds')
121.904  000.104  000.104: require('ibl.inlay_hints')
121.996  000.088  000.088: require('ibl.virt_text')
122.592  000.506  000.506: require('ibl.scope_languages')
122.598  000.599  000.092: require('ibl.scope')
122.612  002.807  001.122: require('ibl')
123.010  000.331  000.331: require('vim.iter')
123.503  000.460  000.460: require('vim.lsp.handlers')
127.529  000.325  000.325: require('nvim-treesitter.utils')
128.152  000.072  000.072: require('vim.treesitter.language')
128.220  000.061  000.061: require('vim.func')
128.286  000.060  000.060: require('vim.func._memoize')
128.340  000.342  000.149: require('vim.treesitter.query')
128.415  000.071  000.071: require('vim.treesitter._range')
128.455  000.550  000.136: require('vim.treesitter.languagetree')
128.462  000.674  000.124: require('vim.treesitter')
128.691  001.153  000.479: require('nvim-treesitter.parsers')
129.063  000.101  000.101: require('nvim-treesitter.compat')
129.218  000.072  000.072: require('nvim-treesitter.ts_utils')
129.225  000.155  000.084: require('nvim-treesitter.tsrange')
129.288  000.061  000.061: require('nvim-treesitter.caching')
129.297  000.411  000.094: require('nvim-treesitter.query')
129.308  000.509  000.098: require('nvim-treesitter.configs')
129.311  000.616  000.107: require('nvim-treesitter.info')
129.394  000.080  000.080: require('nvim-treesitter.shell_command_selectors')
129.420  002.496  000.322: require('nvim-treesitter.install')
129.487  000.065  000.065: require('nvim-treesitter.statusline')
129.560  000.070  000.070: require('nvim-treesitter.query_predicates')
129.564  004.128  001.498: require('nvim-treesitter')
130.184  004.964  000.836: sourcing C:/Users/Andre/AppData/Local/nvim-data/lazy/nvim-treesitter/plugin/nvim-treesitter.lua
138.812  000.115  000.115: require('nvim-treesitter.indent')
138.977  000.095  000.095: require('nvim-treesitter.highlight')
139.193  000.112  000.112: require('aerial')
139.608  000.114  000.114: sourcing C:\Program Files\Neovim\share/nvim/runtime/plugin/editorconfig.lua
139.941  000.242  000.242: sourcing C:\Program Files\Neovim\share/nvim/runtime/plugin/gzip.vim
140.139  000.112  000.112: sourcing C:\Program Files\Neovim\share/nvim/runtime/plugin/man.lua
141.923  000.317  000.317: sourcing C:\Program Files\Neovim\share\nvim\runtime\pack\dist\opt\matchit\plugin\matchit.vim
141.955  001.730  001.413: sourcing C:\Program Files\Neovim\share/nvim/runtime/plugin/matchit.vim
142.231  000.166  000.166: sourcing C:\Program Files\Neovim\share/nvim/runtime/plugin/matchparen.vim
142.342  000.021  000.021: sourcing C:\Program Files\Neovim\share/nvim/runtime/plugin/netrwPlugin.vim
142.532  000.113  000.113: sourcing C:\Program Files\Neovim\share/nvim/runtime/plugin/osc52.lua
142.865  000.247  000.247: sourcing C:\Program Files\Neovim\share/nvim/runtime/plugin/rplugin.vim
143.038  000.071  000.071: sourcing C:\Program Files\Neovim\share/nvim/runtime/plugin/shada.vim
143.162  000.029  000.029: sourcing C:\Program Files\Neovim\share/nvim/runtime/plugin/spellfile.vim
143.353  000.107  000.107: sourcing C:\Program Files\Neovim\share/nvim/runtime/plugin/tarPlugin.vim
143.528  000.078  000.078: sourcing C:\Program Files\Neovim\share/nvim/runtime/plugin/tohtml.lua
143.655  000.033  000.033: sourcing C:\Program Files\Neovim\share/nvim/runtime/plugin/tutor.vim
143.887  000.129  000.129: sourcing C:\Program Files\Neovim\share/nvim/runtime/plugin/zipPlugin.vim
144.275  000.113  000.113: sourcing C:\Users\Andre\AppData\Local\nvim-data\lazy\indent-blankline.nvim\after/plugin/commands.lua
144.554  000.108  000.108: require('cmp_cmdline')
144.575  000.192  000.083: sourcing C:\Users\Andre\AppData\Local\nvim-data\lazy\cmp-cmdline\after/plugin/cmp_cmdline.lua
144.888  000.065  000.065: require('cmp_nvim_lsp.source')
144.894  000.143  000.078: require('cmp_nvim_lsp')
144.913  000.224  000.081: sourcing C:\Users\Andre\AppData\Local\nvim-data\lazy\cmp-nvim-lsp\after/plugin/cmp_nvim_lsp.lua
145.169  000.071  000.071: require('cmp_luasnip')
145.197  000.162  000.091: sourcing C:\Users\Andre\AppData\Local\nvim-data\lazy\cmp_luasnip\after/plugin/cmp_luasnip.lua
145.453  000.079  000.079: require('cmp_path')
145.467  000.155  000.076: sourcing C:\Users\Andre\AppData\Local\nvim-data\lazy\cmp-path\after/plugin/cmp_path.lua
145.887  000.060  000.060: require('cmp_buffer.timer')
145.894  000.136  000.076: require('cmp_buffer.buffer')
145.898  000.202  000.066: require('cmp_buffer.source')
145.900  000.262  000.060: require('cmp_buffer')
145.912  000.334  000.072: sourcing C:\Users\Andre\AppData\Local\nvim-data\lazy\cmp-buffer\after/plugin/cmp_buffer.lua
146.096  128.921  057.762: sourcing C:\Users\Andre\AppData\Local\nvim\init.lua
146.119  000.801: sourcing vimrc file(s)
147.565  000.073  000.073: sourcing C:\Program Files\Neovim\share\nvim\runtime\filetype.lua
148.581  000.084  000.084: sourcing C:\Program Files\Neovim\share\nvim\runtime\syntax\synload.vim
149.160  001.070  000.986: sourcing C:\Program Files\Neovim\share/nvim/runtime/syntax/syntax.vim
149.213  001.951: inits 3
152.072  002.859: reading ShaDa
152.495  000.168  000.168: require('luasnip.loaders.from_lua')
152.615  000.113  000.113: require('luasnip.loaders.from_snipmate')
152.877  000.525: opening buffers
153.226  000.348: BufEnter autocommands
153.230  000.005: editing files in windows
153.570  000.339: VimEnter autocommands
153.978  000.408: UIEnter autocommands
163.175  008.067  008.067: sourcing C:\Program Files\Neovim\share\nvim\runtime\autoload\provider\clipboard.vim
163.200  001.155: before starting main loop
164.346  001.146: first screen update
164.351  000.004: --- NVIM STARTED ---

